 * Serving Flask app "app" (lazy loading)
 * Environment: production
   WARNING: This is a development server. Do not use it in a production deployment.
   Use a production WSGI server instead.
 * Debug mode: off
fetch_disc_page https://opendart.fss.or.kr/api/list.json?crtfc_key=6098e3b50b714eb7db7486633471a55589dfd52e&page_count=50
fetch_disc_page https://opendart.fss.or.kr/api/list.json?crtfc_key=6098e3b50b714eb7db7486633471a55589dfd52e&page_count=50
fetch_disc_page https://opendart.fss.or.kr/api/list.json?crtfc_key=6098e3b50b714eb7db7486633471a55589dfd52e&page_count=50
fetch_disc_page https://opendart.fss.or.kr/api/list.json?crtfc_key=6098e3b50b714eb7db7486633471a55589dfd52e&page_count=50
fetch_disc_page https://opendart.fss.or.kr/api/list.json?crtfc_key=6098e3b50b714eb7db7486633471a55589dfd52e&page_count=50
fetch_disc_page https://opendart.fss.or.kr/api/list.json?crtfc_key=6098e3b50b714eb7db7486633471a55589dfd52e&page_count=50
fetch_disc_page https://opendart.fss.or.kr/api/list.json?crtfc_key=6098e3b50b714eb7db7486633471a55589dfd52e&page_count=50
fetch_disc_page https://opendart.fss.or.kr/api/list.json?crtfc_key=6098e3b50b714eb7db7486633471a55589dfd52e&page_count=50
fetch_disc_page https://opendart.fss.or.kr/api/list.json?crtfc_key=6098e3b50b714eb7db7486633471a55589dfd52e&page_count=50
fetch_disc_page https://opendart.fss.or.kr/api/list.json?crtfc_key=6098e3b50b714eb7db7486633471a55589dfd52e&page_count=50
fetch_disc_page https://opendart.fss.or.kr/api/list.json?crtfc_key=6098e3b50b714eb7db7486633471a55589dfd52e&page_count=50
fetch_disc_page https://opendart.fss.or.kr/api/list.json?crtfc_key=6098e3b50b714eb7db7486633471a55589dfd52e&page_count=50
fetch_disc_page https://opendart.fss.or.kr/api/list.json?crtfc_key=6098e3b50b714eb7db7486633471a55589dfd52e&page_count=50
fetch_disc_page https://opendart.fss.or.kr/api/list.json?crtfc_key=6098e3b50b714eb7db7486633471a55589dfd52e&page_count=50
fetch_disc_page https://opendart.fss.or.kr/api/list.json?crtfc_key=6098e3b50b714eb7db7486633471a55589dfd52e&page_count=50
fetch_disc_page https://opendart.fss.or.kr/api/list.json?crtfc_key=6098e3b50b714eb7db7486633471a55589dfd52e&page_count=50
fetch_disc_page https://opendart.fss.or.kr/api/list.json?crtfc_key=6098e3b50b714eb7db7486633471a55589dfd52e&page_count=50
fetch_disc_page https://opendart.fss.or.kr/api/list.json?crtfc_key=6098e3b50b714eb7db7486633471a55589dfd52e&page_count=50
fetch_disc_page https://opendart.fss.or.kr/api/list.json?crtfc_key=6098e3b50b714eb7db7486633471a55589dfd52e&page_count=50
fetch_disc_page https://opendart.fss.or.kr/api/list.json?crtfc_key=6098e3b50b714eb7db7486633471a55589dfd52e&page_count=50
fetch_disc_page https://opendart.fss.or.kr/api/list.json?crtfc_key=6098e3b50b714eb7db7486633471a55589dfd52e&page_count=50
fetch_disc_page https://opendart.fss.or.kr/api/list.json?crtfc_key=6098e3b50b714eb7db7486633471a55589dfd52e&page_count=50
fetch_disc_page https://opendart.fss.or.kr/api/list.json?crtfc_key=6098e3b50b714eb7db7486633471a55589dfd52e&page_count=50
fetch_disc_page https://opendart.fss.or.kr/api/list.json?crtfc_key=6098e3b50b714eb7db7486633471a55589dfd52e&page_count=50
fetch_disc_page https://opendart.fss.or.kr/api/list.json?crtfc_key=6098e3b50b714eb7db7486633471a55589dfd52e&page_count=50
fetch_disc_page https://opendart.fss.or.kr/api/list.json?crtfc_key=6098e3b50b714eb7db7486633471a55589dfd52e&page_count=50
fetch_disc_page https://opendart.fss.or.kr/api/list.json?crtfc_key=6098e3b50b714eb7db7486633471a55589dfd52e&page_count=50
fetch_disc_page https://opendart.fss.or.kr/api/list.json?crtfc_key=6098e3b50b714eb7db7486633471a55589dfd52e&page_count=50
fetch_disc_page https://opendart.fss.or.kr/api/list.json?crtfc_key=6098e3b50b714eb7db7486633471a55589dfd52e&page_count=50
fetch_disc_page https://opendart.fss.or.kr/api/list.json?crtfc_key=6098e3b50b714eb7db7486633471a55589dfd52e&page_count=50
fetch_disc_page https://opendart.fss.or.kr/api/list.json?crtfc_key=6098e3b50b714eb7db7486633471a55589dfd52e&page_count=50
fetch_disc_page https://opendart.fss.or.kr/api/list.json?crtfc_key=6098e3b50b714eb7db7486633471a55589dfd52e&page_count=50
fetch_disc_page https://opendart.fss.or.kr/api/list.json?crtfc_key=6098e3b50b714eb7db7486633471a55589dfd52e&page_count=50
fetch_disc_page https://opendart.fss.or.kr/api/list.json?crtfc_key=6098e3b50b714eb7db7486633471a55589dfd52e&page_count=50
fetch_disc_page https://opendart.fss.or.kr/api/list.json?crtfc_key=6098e3b50b714eb7db7486633471a55589dfd52e&page_count=50
fetch_disc_page https://opendart.fss.or.kr/api/list.json?crtfc_key=6098e3b50b714eb7db7486633471a55589dfd52e&page_count=50
fetch_disc_page https://opendart.fss.or.kr/api/list.json?crtfc_key=6098e3b50b714eb7db7486633471a55589dfd52e&page_count=50
fetch_disc_page https://opendart.fss.or.kr/api/list.json?crtfc_key=6098e3b50b714eb7db7486633471a55589dfd52e&page_count=50
fetch_disc_page https://opendart.fss.or.kr/api/list.json?crtfc_key=6098e3b50b714eb7db7486633471a55589dfd52e&page_count=50
fetch_disc_page https://opendart.fss.or.kr/api/list.json?crtfc_key=6098e3b50b714eb7db7486633471a55589dfd52e&page_count=50
fetch_disc_page https://opendart.fss.or.kr/api/list.json?crtfc_key=6098e3b50b714eb7db7486633471a55589dfd52e&page_count=50
fetch_disc_page https://opendart.fss.or.kr/api/list.json?crtfc_key=6098e3b50b714eb7db7486633471a55589dfd52e&page_count=50
fetch_disc_page https://opendart.fss.or.kr/api/list.json?crtfc_key=6098e3b50b714eb7db7486633471a55589dfd52e&page_count=50
fetch_disc_page https://opendart.fss.or.kr/api/list.json?crtfc_key=6098e3b50b714eb7db7486633471a55589dfd52e&page_count=50
fetch_disc_page https://opendart.fss.or.kr/api/list.json?crtfc_key=6098e3b50b714eb7db7486633471a55589dfd52e&page_count=50
fetch_disc_page https://opendart.fss.or.kr/api/list.json?crtfc_key=6098e3b50b714eb7db7486633471a55589dfd52e&page_count=50
fetch_disc_page https://opendart.fss.or.kr/api/list.json?crtfc_key=6098e3b50b714eb7db7486633471a55589dfd52e&page_count=50
fetch_disc_page https://opendart.fss.or.kr/api/list.json?crtfc_key=6098e3b50b714eb7db7486633471a55589dfd52e&page_count=50
fetch_disc_page https://opendart.fss.or.kr/api/list.json?crtfc_key=6098e3b50b714eb7db7486633471a55589dfd52e&page_count=50
fetch_disc_page https://opendart.fss.or.kr/api/list.json?crtfc_key=6098e3b50b714eb7db7486633471a55589dfd52e&page_count=50
fetch_disc_page https://opendart.fss.or.kr/api/list.json?crtfc_key=6098e3b50b714eb7db7486633471a55589dfd52e&page_count=50
fetch_disc_page https://opendart.fss.or.kr/api/list.json?crtfc_key=6098e3b50b714eb7db7486633471a55589dfd52e&page_count=50
fetch_disc_page https://opendart.fss.or.kr/api/list.json?crtfc_key=6098e3b50b714eb7db7486633471a55589dfd52e&page_count=50
fetch_disc_page https://opendart.fss.or.kr/api/list.json?crtfc_key=6098e3b50b714eb7db7486633471a55589dfd52e&page_count=50
fetch_disc_page https://opendart.fss.or.kr/api/list.json?crtfc_key=6098e3b50b714eb7db7486633471a55589dfd52e&page_count=50
fetch_disc_page https://opendart.fss.or.kr/api/list.json?crtfc_key=6098e3b50b714eb7db7486633471a55589dfd52e&page_count=50
fetch_disc_page https://opendart.fss.or.kr/api/list.json?crtfc_key=6098e3b50b714eb7db7486633471a55589dfd52e&page_count=50
fetch_disc_page https://opendart.fss.or.kr/api/list.json?crtfc_key=6098e3b50b714eb7db7486633471a55589dfd52e&page_count=50
fetch_disc_page https://opendart.fss.or.kr/api/list.json?crtfc_key=6098e3b50b714eb7db7486633471a55589dfd52e&page_count=50
fetch_disc_page https://opendart.fss.or.kr/api/list.json?crtfc_key=6098e3b50b714eb7db7486633471a55589dfd52e&page_count=50
fetch_disc_page https://opendart.fss.or.kr/api/list.json?crtfc_key=6098e3b50b714eb7db7486633471a55589dfd52e&page_count=50
fetch_disc_page https://opendart.fss.or.kr/api/list.json?crtfc_key=6098e3b50b714eb7db7486633471a55589dfd52e&page_count=50
fetch_disc_page https://opendart.fss.or.kr/api/list.json?crtfc_key=6098e3b50b714eb7db7486633471a55589dfd52e&page_count=50
fetch_disc_page https://opendart.fss.or.kr/api/list.json?crtfc_key=6098e3b50b714eb7db7486633471a55589dfd52e&page_count=50
fetch_disc_page https://opendart.fss.or.kr/api/list.json?crtfc_key=6098e3b50b714eb7db7486633471a55589dfd52e&page_count=50
fetch_disc_page https://opendart.fss.or.kr/api/list.json?crtfc_key=6098e3b50b714eb7db7486633471a55589dfd52e&page_count=50
fetch_disc_page https://opendart.fss.or.kr/api/list.json?crtfc_key=6098e3b50b714eb7db7486633471a55589dfd52e&page_count=50
fetch_disc_page https://opendart.fss.or.kr/api/list.json?crtfc_key=6098e3b50b714eb7db7486633471a55589dfd52e&page_count=50
fetch_disc_page https://opendart.fss.or.kr/api/list.json?crtfc_key=6098e3b50b714eb7db7486633471a55589dfd52e&page_count=50
fetch_disc_page https://opendart.fss.or.kr/api/list.json?crtfc_key=6098e3b50b714eb7db7486633471a55589dfd52e&page_count=50
fetch_disc_page https://opendart.fss.or.kr/api/list.json?crtfc_key=6098e3b50b714eb7db7486633471a55589dfd52e&page_count=50
fetch_disc_page https://opendart.fss.or.kr/api/list.json?crtfc_key=6098e3b50b714eb7db7486633471a55589dfd52e&page_count=50
fetch_disc_page https://opendart.fss.or.kr/api/list.json?crtfc_key=6098e3b50b714eb7db7486633471a55589dfd52e&page_count=50
fetch_disc_page https://opendart.fss.or.kr/api/list.json?crtfc_key=6098e3b50b714eb7db7486633471a55589dfd52e&page_count=50
fetch_disc_page https://opendart.fss.or.kr/api/list.json?crtfc_key=6098e3b50b714eb7db7486633471a55589dfd52e&page_count=50
fetch_disc_page https://opendart.fss.or.kr/api/list.json?crtfc_key=6098e3b50b714eb7db7486633471a55589dfd52e&page_count=50
fetch_disc_page https://opendart.fss.or.kr/api/list.json?crtfc_key=6098e3b50b714eb7db7486633471a55589dfd52e&page_count=50
async_fillup_disc 20220217 S-Oil 효력발생안내(2022.2.7.제출증권신고서(채무증권)) http://dart.fss.or.kr/report/viewer.do?rcpNo=20220207100017&dcmNo=8373506&eleId=20220207000183&offset=0&length=49903&dtd=HTML
async_fillup_disc 20220217 롯데제과 효력발생안내(2022.2.7.제출증권신고서(채무증권)) http://dart.fss.or.kr/report/viewer.do?rcpNo=20220207100021&dcmNo=8374183&eleId=20220207000276&offset=0&length=49903&dtd=HTML
async_fillup_disc 20220217 삼성바이오로직스 효력발생안내(2022.1.28.제출증권신고서(지분증권)) http://dart.fss.or.kr/report/viewer.do?rcpNo=20220128100033&dcmNo=8368615&eleId=20220128000266&offset=0&length=49903&dtd=HTML
async_fillup_disc 20220217 우리금융지주 효력발생안내(2022.2.7.제출증권신고서(채무증권)) http://dart.fss.or.kr/report/viewer.do?rcpNo=20220207100011&dcmNo=8373168&eleId=20220207000151&offset=0&length=49903&dtd=HTML
async_fillup_disc 20220217 경남제약 의결권대리행사권유참고서류 http://dart.fss.or.kr/report/viewer.do?rcpNo=20220216001241&dcmNo=8391114&eleId=20220216000975&offset=0&length=00660&dtd=dart3.xsd
async_fillup_disc 20220217 메리츠금융지주 효력발생안내(2022.2.11.제출증권신고서(채무증권)) http://dart.fss.or.kr/report/viewer.do?rcpNo=20220211100043&dcmNo=8383354&eleId=20220207000253&offset=0&length=49903&dtd=HTML
효력발생안내(2022.2.7.제출증권신고서(채무증권))
 * 공시알림시각 주가:14,650.0원
효력발생안내(2022.1.28.제출증권신고서(지분증권))
 * 공시알림시각 주가:757,000.0원
효력발생안내(2022.2.7.제출증권신고서(채무증권))
 * 공시알림시각 주가:120,500.0원
효력발생안내(2022.2.7.제출증권신고서(채무증권))
 * 공시알림시각 주가:84,900.0원
의결권대리행사권유참고서류
 * 공시알림시각 주가:3,860.0원
효력발생안내(2022.2.11.제출증권신고서(채무증권))
 * 공시알림시각 주가:39,100.0원
do_async 40487101 박민규 [삼성바이오로직스] 효력발생안내(2022.1.28.제출증권신고서(지분증권))
http://dart.fss.or.kr/dsaf001/main.do?rcpNo=20220128100033
fetch_disc_page https://opendart.fss.or.kr/api/list.json?crtfc_key=6098e3b50b714eb7db7486633471a55589dfd52e&page_count=50
fetch_disc_page https://opendart.fss.or.kr/api/list.json?crtfc_key=6098e3b50b714eb7db7486633471a55589dfd52e&page_count=50
fetch_disc_page https://opendart.fss.or.kr/api/list.json?crtfc_key=6098e3b50b714eb7db7486633471a55589dfd52e&page_count=50
fetch_disc_page https://opendart.fss.or.kr/api/list.json?crtfc_key=6098e3b50b714eb7db7486633471a55589dfd52e&page_count=50
fetch_disc_page https://opendart.fss.or.kr/api/list.json?crtfc_key=6098e3b50b714eb7db7486633471a55589dfd52e&page_count=50
fetch_disc_page https://opendart.fss.or.kr/api/list.json?crtfc_key=6098e3b50b714eb7db7486633471a55589dfd52e&page_count=50
fetch_disc_page https://opendart.fss.or.kr/api/list.json?crtfc_key=6098e3b50b714eb7db7486633471a55589dfd52e&page_count=50
fetch_disc_page https://opendart.fss.or.kr/api/list.json?crtfc_key=6098e3b50b714eb7db7486633471a55589dfd52e&page_count=50
fetch_disc_page https://opendart.fss.or.kr/api/list.json?crtfc_key=6098e3b50b714eb7db7486633471a55589dfd52e&page_count=50
fetch_disc_page https://opendart.fss.or.kr/api/list.json?crtfc_key=6098e3b50b714eb7db7486633471a55589dfd52e&page_count=50
fetch_disc_page https://opendart.fss.or.kr/api/list.json?crtfc_key=6098e3b50b714eb7db7486633471a55589dfd52e&page_count=50
fetch_disc_page https://opendart.fss.or.kr/api/list.json?crtfc_key=6098e3b50b714eb7db7486633471a55589dfd52e&page_count=50
fetch_disc_page https://opendart.fss.or.kr/api/list.json?crtfc_key=6098e3b50b714eb7db7486633471a55589dfd52e&page_count=50
fetch_disc_page https://opendart.fss.or.kr/api/list.json?crtfc_key=6098e3b50b714eb7db7486633471a55589dfd52e&page_count=50
fetch_disc_page https://opendart.fss.or.kr/api/list.json?crtfc_key=6098e3b50b714eb7db7486633471a55589dfd52e&page_count=50
fetch_disc_page https://opendart.fss.or.kr/api/list.json?crtfc_key=6098e3b50b714eb7db7486633471a55589dfd52e&page_count=50
fetch_disc_page https://opendart.fss.or.kr/api/list.json?crtfc_key=6098e3b50b714eb7db7486633471a55589dfd52e&page_count=50
fetch_disc_page https://opendart.fss.or.kr/api/list.json?crtfc_key=6098e3b50b714eb7db7486633471a55589dfd52e&page_count=50
fetch_disc_page https://opendart.fss.or.kr/api/list.json?crtfc_key=6098e3b50b714eb7db7486633471a55589dfd52e&page_count=50
fetch_disc_page https://opendart.fss.or.kr/api/list.json?crtfc_key=6098e3b50b714eb7db7486633471a55589dfd52e&page_count=50
fetch_disc_page https://opendart.fss.or.kr/api/list.json?crtfc_key=6098e3b50b714eb7db7486633471a55589dfd52e&page_count=50
fetch_disc_page https://opendart.fss.or.kr/api/list.json?crtfc_key=6098e3b50b714eb7db7486633471a55589dfd52e&page_count=50
fetch_disc_page https://opendart.fss.or.kr/api/list.json?crtfc_key=6098e3b50b714eb7db7486633471a55589dfd52e&page_count=50
fetch_disc_page https://opendart.fss.or.kr/api/list.json?crtfc_key=6098e3b50b714eb7db7486633471a55589dfd52e&page_count=50
fetch_disc_page https://opendart.fss.or.kr/api/list.json?crtfc_key=6098e3b50b714eb7db7486633471a55589dfd52e&page_count=50
fetch_disc_page https://opendart.fss.or.kr/api/list.json?crtfc_key=6098e3b50b714eb7db7486633471a55589dfd52e&page_count=50
fetch_disc_page https://opendart.fss.or.kr/api/list.json?crtfc_key=6098e3b50b714eb7db7486633471a55589dfd52e&page_count=50
fetch_disc_page https://opendart.fss.or.kr/api/list.json?crtfc_key=6098e3b50b714eb7db7486633471a55589dfd52e&page_count=50
fetch_disc_page https://opendart.fss.or.kr/api/list.json?crtfc_key=6098e3b50b714eb7db7486633471a55589dfd52e&page_count=50
fetch_disc_page https://opendart.fss.or.kr/api/list.json?crtfc_key=6098e3b50b714eb7db7486633471a55589dfd52e&page_count=50
fetch_disc_page https://opendart.fss.or.kr/api/list.json?crtfc_key=6098e3b50b714eb7db7486633471a55589dfd52e&page_count=50
fetch_disc_page https://opendart.fss.or.kr/api/list.json?crtfc_key=6098e3b50b714eb7db7486633471a55589dfd52e&page_count=50
fetch_disc_page https://opendart.fss.or.kr/api/list.json?crtfc_key=6098e3b50b714eb7db7486633471a55589dfd52e&page_count=50
fetch_disc_page https://opendart.fss.or.kr/api/list.json?crtfc_key=6098e3b50b714eb7db7486633471a55589dfd52e&page_count=50
fetch_disc_page https://opendart.fss.or.kr/api/list.json?crtfc_key=6098e3b50b714eb7db7486633471a55589dfd52e&page_count=50
fetch_disc_page https://opendart.fss.or.kr/api/list.json?crtfc_key=6098e3b50b714eb7db7486633471a55589dfd52e&page_count=50
fetch_disc_page https://opendart.fss.or.kr/api/list.json?crtfc_key=6098e3b50b714eb7db7486633471a55589dfd52e&page_count=50
fetch_disc_page https://opendart.fss.or.kr/api/list.json?crtfc_key=6098e3b50b714eb7db7486633471a55589dfd52e&page_count=50
fetch_disc_page https://opendart.fss.or.kr/api/list.json?crtfc_key=6098e3b50b714eb7db7486633471a55589dfd52e&page_count=50
fetch_disc_page https://opendart.fss.or.kr/api/list.json?crtfc_key=6098e3b50b714eb7db7486633471a55589dfd52e&page_count=50
fetch_disc_page https://opendart.fss.or.kr/api/list.json?crtfc_key=6098e3b50b714eb7db7486633471a55589dfd52e&page_count=50
fetch_disc_page https://opendart.fss.or.kr/api/list.json?crtfc_key=6098e3b50b714eb7db7486633471a55589dfd52e&page_count=50
fetch_disc_page https://opendart.fss.or.kr/api/list.json?crtfc_key=6098e3b50b714eb7db7486633471a55589dfd52e&page_count=50
fetch_disc_page https://opendart.fss.or.kr/api/list.json?crtfc_key=6098e3b50b714eb7db7486633471a55589dfd52e&page_count=50
fetch_disc_page https://opendart.fss.or.kr/api/list.json?crtfc_key=6098e3b50b714eb7db7486633471a55589dfd52e&page_count=50
fetch_disc_page https://opendart.fss.or.kr/api/list.json?crtfc_key=6098e3b50b714eb7db7486633471a55589dfd52e&page_count=50
fetch_disc_page https://opendart.fss.or.kr/api/list.json?crtfc_key=6098e3b50b714eb7db7486633471a55589dfd52e&page_count=50
fetch_disc_page https://opendart.fss.or.kr/api/list.json?crtfc_key=6098e3b50b714eb7db7486633471a55589dfd52e&page_count=50
fetch_disc_page https://opendart.fss.or.kr/api/list.json?crtfc_key=6098e3b50b714eb7db7486633471a55589dfd52e&page_count=50
fetch_disc_page https://opendart.fss.or.kr/api/list.json?crtfc_key=6098e3b50b714eb7db7486633471a55589dfd52e&page_count=50
fetch_disc_page https://opendart.fss.or.kr/api/list.json?crtfc_key=6098e3b50b714eb7db7486633471a55589dfd52e&page_count=50
fetch_disc_page https://opendart.fss.or.kr/api/list.json?crtfc_key=6098e3b50b714eb7db7486633471a55589dfd52e&page_count=50
fetch_disc_page https://opendart.fss.or.kr/api/list.json?crtfc_key=6098e3b50b714eb7db7486633471a55589dfd52e&page_count=50
fetch_disc_page https://opendart.fss.or.kr/api/list.json?crtfc_key=6098e3b50b714eb7db7486633471a55589dfd52e&page_count=50
fetch_disc_page https://opendart.fss.or.kr/api/list.json?crtfc_key=6098e3b50b714eb7db7486633471a55589dfd52e&page_count=50
fetch_disc_page https://opendart.fss.or.kr/api/list.json?crtfc_key=6098e3b50b714eb7db7486633471a55589dfd52e&page_count=50
fetch_disc_page https://opendart.fss.or.kr/api/list.json?crtfc_key=6098e3b50b714eb7db7486633471a55589dfd52e&page_count=50
fetch_disc_page https://opendart.fss.or.kr/api/list.json?crtfc_key=6098e3b50b714eb7db7486633471a55589dfd52e&page_count=50
async_fillup_disc 20220217 우리금융지주 투자설명서 http://dart.fss.or.kr/report/viewer.do?rcpNo=20220217000003&dcmNo=8391183&eleId=20220207000151&offset=0&length=10601&dtd=dart3.xsd
투자설명서
 * 공시알림시각 주가:14,650.0원
fetch_disc_page https://opendart.fss.or.kr/api/list.json?crtfc_key=6098e3b50b714eb7db7486633471a55589dfd52e&page_count=50
fetch_disc_page https://opendart.fss.or.kr/api/list.json?crtfc_key=6098e3b50b714eb7db7486633471a55589dfd52e&page_count=50
fetch_disc_page https://opendart.fss.or.kr/api/list.json?crtfc_key=6098e3b50b714eb7db7486633471a55589dfd52e&page_count=50
fetch_disc_page https://opendart.fss.or.kr/api/list.json?crtfc_key=6098e3b50b714eb7db7486633471a55589dfd52e&page_count=50
fetch_disc_page https://opendart.fss.or.kr/api/list.json?crtfc_key=6098e3b50b714eb7db7486633471a55589dfd52e&page_count=50
fetch_disc_page https://opendart.fss.or.kr/api/list.json?crtfc_key=6098e3b50b714eb7db7486633471a55589dfd52e&page_count=50
async_fillup_disc 20220217 S-Oil 투자설명서 http://dart.fss.or.kr/report/viewer.do?rcpNo=20220217000005&dcmNo=8391185&eleId=20220207000183&offset=0&length=10601&dtd=dart3.xsd
투자설명서
 * 공시알림시각 주가:84,900.0원
fetch_disc_page https://opendart.fss.or.kr/api/list.json?crtfc_key=6098e3b50b714eb7db7486633471a55589dfd52e&page_count=50
fetch_disc_page https://opendart.fss.or.kr/api/list.json?crtfc_key=6098e3b50b714eb7db7486633471a55589dfd52e&page_count=50
async_fillup_disc 20220217 롯데제과 투자설명서 http://dart.fss.or.kr/report/viewer.do?rcpNo=20220217000006&dcmNo=8391186&eleId=20220207000276&offset=0&length=10601&dtd=dart3.xsd
투자설명서
 * 공시알림시각 주가:120,500.0원
fetch_disc_page https://opendart.fss.or.kr/api/list.json?crtfc_key=6098e3b50b714eb7db7486633471a55589dfd52e&page_count=50
fetch_disc_page https://opendart.fss.or.kr/api/list.json?crtfc_key=6098e3b50b714eb7db7486633471a55589dfd52e&page_count=50
fetch_disc_page https://opendart.fss.or.kr/api/list.json?crtfc_key=6098e3b50b714eb7db7486633471a55589dfd52e&page_count=50
fetch_disc_page https://opendart.fss.or.kr/api/list.json?crtfc_key=6098e3b50b714eb7db7486633471a55589dfd52e&page_count=50
fetch_disc_page https://opendart.fss.or.kr/api/list.json?crtfc_key=6098e3b50b714eb7db7486633471a55589dfd52e&page_count=50
async_fillup_disc 20220217 메리츠금융지주 투자설명서 http://dart.fss.or.kr/report/viewer.do?rcpNo=20220217000010&dcmNo=8391190&eleId=20220207000253&offset=0&length=10601&dtd=dart3.xsd
투자설명서
 * 공시알림시각 주가:39,100.0원
fetch_disc_page https://opendart.fss.or.kr/api/list.json?crtfc_key=6098e3b50b714eb7db7486633471a55589dfd52e&page_count=50
fetch_disc_page https://opendart.fss.or.kr/api/list.json?crtfc_key=6098e3b50b714eb7db7486633471a55589dfd52e&page_count=50
fetch_disc_page https://opendart.fss.or.kr/api/list.json?crtfc_key=6098e3b50b714eb7db7486633471a55589dfd52e&page_count=50
fetch_disc_page https://opendart.fss.or.kr/api/list.json?crtfc_key=6098e3b50b714eb7db7486633471a55589dfd52e&page_count=50
fetch_disc_page https://opendart.fss.or.kr/api/list.json?crtfc_key=6098e3b50b714eb7db7486633471a55589dfd52e&page_count=50
async_fillup_disc 20220217 메리츠증권 일괄신고추가서류(파생결합증권-주가연계증권) http://dart.fss.or.kr/report/viewer.do?rcpNo=20220217000011&dcmNo=8391193&eleId=20211129000023&offset=0&length=10131&dtd=dart3.xsd
일괄신고추가서류(파생결합증권-주가연계증권)
 * 공시알림시각 주가:6,130.0원
fetch_disc_page https://opendart.fss.or.kr/api/list.json?crtfc_key=6098e3b50b714eb7db7486633471a55589dfd52e&page_count=50
fetch_disc_page https://opendart.fss.or.kr/api/list.json?crtfc_key=6098e3b50b714eb7db7486633471a55589dfd52e&page_count=50
async_fillup_disc 20220217 대신밸런스제7호스팩 사외이사의선임ㆍ해임또는중도퇴임에관한신고 http://dart.fss.or.kr/report/viewer.do?rcpNo=20220217000012&dcmNo=8391202&eleId=20220217000005&offset=0&length=12020&dtd=dart3.xsd
사외이사의선임ㆍ해임또는중도퇴임에관한신고
 * 공시알림시각 주가:2,230원
fetch_disc_page https://opendart.fss.or.kr/api/list.json?crtfc_key=6098e3b50b714eb7db7486633471a55589dfd52e&page_count=50
fetch_disc_page https://opendart.fss.or.kr/api/list.json?crtfc_key=6098e3b50b714eb7db7486633471a55589dfd52e&page_count=50
async_fillup_disc 20220217 대신밸런스제7호스팩 증권발행실적보고서(합병등) http://dart.fss.or.kr/report/viewer.do?rcpNo=20220217000013&dcmNo=8391203&eleId=20211129000514&offset=0&length=10810&dtd=dart3.xsd
증권발행실적보고서(합병등)
 * 공시알림시각 주가:2,195원
do_async 194862450 LeeDong-Gun DG [대신밸런스제7호스팩] 증권발행실적보고서(합병등)
http://dart.fss.or.kr/dsaf001/main.do?rcpNo=20220217000013
do_async 351585925 임성우 [대신밸런스제7호스팩] 증권발행실적보고서(합병등)
http://dart.fss.or.kr/dsaf001/main.do?rcpNo=20220217000013
do_async 306804085 ShimJoon Hyun [대신밸런스제7호스팩] 증권발행실적보고서(합병등)
http://dart.fss.or.kr/dsaf001/main.do?rcpNo=20220217000013
do_async 34968576 HeoSunghoon [대신밸런스제7호스팩] 증권발행실적보고서(합병등)
http://dart.fss.or.kr/dsaf001/main.do?rcpNo=20220217000013
do_async 55031021 HanJason [대신밸런스제7호스팩] 증권발행실적보고서(합병등)
http://dart.fss.or.kr/dsaf001/main.do?rcpNo=20220217000013
do_async 115718342 최종혁 [대신밸런스제7호스팩] 증권발행실적보고서(합병등)
http://dart.fss.or.kr/dsaf001/main.do?rcpNo=20220217000013
do_async 295194101 정원호 [대신밸런스제7호스팩] 증권발행실적보고서(합병등)
http://dart.fss.or.kr/dsaf001/main.do?rcpNo=20220217000013
do_async 276618675 한상김 [대신밸런스제7호스팩] 증권발행실적보고서(합병등)
http://dart.fss.or.kr/dsaf001/main.do?rcpNo=20220217000013
do_async 56771102 hyuk mankwon [대신밸런스제7호스팩] 증권발행실적보고서(합병등)
http://dart.fss.or.kr/dsaf001/main.do?rcpNo=20220217000013
do_async 195649993 오세경 [대신밸런스제7호스팩] 증권발행실적보고서(합병등)
http://dart.fss.or.kr/dsaf001/main.do?rcpNo=20220217000013
do_async 149688663 김창현 [대신밸런스제7호스팩] 증권발행실적보고서(합병등)
http://dart.fss.or.kr/dsaf001/main.do?rcpNo=20220217000013
do_async 49591143 류찬열 [대신밸런스제7호스팩] 증권발행실적보고서(합병등)
http://dart.fss.or.kr/dsaf001/main.do?rcpNo=20220217000013
do_async 497913394 KBK [대신밸런스제7호스팩] 증권발행실적보고서(합병등)
http://dart.fss.or.kr/dsaf001/main.do?rcpNo=20220217000013
do_async 85707492 YooJinhyung [대신밸런스제7호스팩] 증권발행실적보고서(합병등)
http://dart.fss.or.kr/dsaf001/main.do?rcpNo=20220217000013
fetch_disc_page https://opendart.fss.or.kr/api/list.json?crtfc_key=6098e3b50b714eb7db7486633471a55589dfd52e&page_count=50
fetch_disc_page https://opendart.fss.or.kr/api/list.json?crtfc_key=6098e3b50b714eb7db7486633471a55589dfd52e&page_count=50
fetch_disc_page https://opendart.fss.or.kr/api/list.json?crtfc_key=6098e3b50b714eb7db7486633471a55589dfd52e&page_count=50
fetch_disc_page https://opendart.fss.or.kr/api/list.json?crtfc_key=6098e3b50b714eb7db7486633471a55589dfd52e&page_count=50
fetch_disc_page https://opendart.fss.or.kr/api/list.json?crtfc_key=6098e3b50b714eb7db7486633471a55589dfd52e&page_count=50
fetch_disc_page https://opendart.fss.or.kr/api/list.json?crtfc_key=6098e3b50b714eb7db7486633471a55589dfd52e&page_count=50
async_fillup_disc 20220217 미원화학 최대주주등소유주식변동신고서 http://dart.fss.or.kr/report/viewer.do?rcpNo=20220217800077&dcmNo=8391208&eleId=20220217800077&offset=0&length=99602&dtd=HTML
최대주주등소유주식변동신고서
 * 공시알림시각 주가:73,400원
do_async 306804085 ShimJoon Hyun [미원화학] 최대주주등소유주식변동신고서
http://dart.fss.or.kr/dsaf001/main.do?rcpNo=20220217800077
do_async 56771102 hyuk mankwon [미원화학] 최대주주등소유주식변동신고서
http://dart.fss.or.kr/dsaf001/main.do?rcpNo=20220217800077
do_async 149688663 김창현 [미원화학] 최대주주등소유주식변동신고서
http://dart.fss.or.kr/dsaf001/main.do?rcpNo=20220217800077
do_async 497913394 KBK [미원화학] 최대주주등소유주식변동신고서
http://dart.fss.or.kr/dsaf001/main.do?rcpNo=20220217800077
do_async 85707492 YooJinhyung [미원화학] 최대주주등소유주식변동신고서
http://dart.fss.or.kr/dsaf001/main.do?rcpNo=20220217800077
fetch_disc_page https://opendart.fss.or.kr/api/list.json?crtfc_key=6098e3b50b714eb7db7486633471a55589dfd52e&page_count=50
fetch_disc_page https://opendart.fss.or.kr/api/list.json?crtfc_key=6098e3b50b714eb7db7486633471a55589dfd52e&page_count=50
fetch_disc_page https://opendart.fss.or.kr/api/list.json?crtfc_key=6098e3b50b714eb7db7486633471a55589dfd52e&page_count=50
fetch_disc_page https://opendart.fss.or.kr/api/list.json?crtfc_key=6098e3b50b714eb7db7486633471a55589dfd52e&page_count=50
fetch_disc_page https://opendart.fss.or.kr/api/list.json?crtfc_key=6098e3b50b714eb7db7486633471a55589dfd52e&page_count=50
fetch_disc_page https://opendart.fss.or.kr/api/list.json?crtfc_key=6098e3b50b714eb7db7486633471a55589dfd52e&page_count=50
fetch_disc_page https://opendart.fss.or.kr/api/list.json?crtfc_key=6098e3b50b714eb7db7486633471a55589dfd52e&page_count=50
fetch_disc_page https://opendart.fss.or.kr/api/list.json?crtfc_key=6098e3b50b714eb7db7486633471a55589dfd52e&page_count=50
fetch_disc_page https://opendart.fss.or.kr/api/list.json?crtfc_key=6098e3b50b714eb7db7486633471a55589dfd52e&page_count=50
fetch_disc_page https://opendart.fss.or.kr/api/list.json?crtfc_key=6098e3b50b714eb7db7486633471a55589dfd52e&page_count=50
fetch_disc_page https://opendart.fss.or.kr/api/list.json?crtfc_key=6098e3b50b714eb7db7486633471a55589dfd52e&page_count=50
async_fillup_disc 20220217 메리츠증권 투자설명서(일괄신고) http://dart.fss.or.kr/report/viewer.do?rcpNo=20220217000023&dcmNo=8391232&eleId=20211129000023&offset=0&length=10603&dtd=dart3.xsd
투자설명서(일괄신고)
 * 공시알림시각 주가:6,140원
fetch_disc_page https://opendart.fss.or.kr/api/list.json?crtfc_key=6098e3b50b714eb7db7486633471a55589dfd52e&page_count=50
fetch_disc_page https://opendart.fss.or.kr/api/list.json?crtfc_key=6098e3b50b714eb7db7486633471a55589dfd52e&page_count=50
fetch_disc_page https://opendart.fss.or.kr/api/list.json?crtfc_key=6098e3b50b714eb7db7486633471a55589dfd52e&page_count=50
fetch_disc_page https://opendart.fss.or.kr/api/list.json?crtfc_key=6098e3b50b714eb7db7486633471a55589dfd52e&page_count=50
fetch_disc_page https://opendart.fss.or.kr/api/list.json?crtfc_key=6098e3b50b714eb7db7486633471a55589dfd52e&page_count=50
fetch_disc_page https://opendart.fss.or.kr/api/list.json?crtfc_key=6098e3b50b714eb7db7486633471a55589dfd52e&page_count=50
fetch_disc_page https://opendart.fss.or.kr/api/list.json?crtfc_key=6098e3b50b714eb7db7486633471a55589dfd52e&page_count=50
async_fillup_disc 20220217 두산중공업 유상증자또는주식관련사채등의청약결과(자율공시) http://dart.fss.or.kr/report/viewer.do?rcpNo=20220217800088&dcmNo=8391244&eleId=20220217800088&offset=0&length=61980&dtd=HTML
유상증자또는주식관련사채등의청약결과(자율공시)
 * 공시알림시각 주가:16,450원
do_async 194862450 LeeDong-Gun DG [두산중공업] 유상증자또는주식관련사채등의청약결과(자율공시)
http://dart.fss.or.kr/dsaf001/main.do?rcpNo=20220217800088
do_async 236727114 최경철 [두산중공업] 유상증자또는주식관련사채등의청약결과(자율공시)
http://dart.fss.or.kr/dsaf001/main.do?rcpNo=20220217800088
do_async 351585925 임성우 [두산중공업] 유상증자또는주식관련사채등의청약결과(자율공시)
http://dart.fss.or.kr/dsaf001/main.do?rcpNo=20220217800088
do_async 306804085 ShimJoon Hyun [두산중공업] 유상증자또는주식관련사채등의청약결과(자율공시)
http://dart.fss.or.kr/dsaf001/main.do?rcpNo=20220217800088
do_async 34968576 HeoSunghoon [두산중공업] 유상증자또는주식관련사채등의청약결과(자율공시)
http://dart.fss.or.kr/dsaf001/main.do?rcpNo=20220217800088
do_async 55031021 HanJason [두산중공업] 유상증자또는주식관련사채등의청약결과(자율공시)
http://dart.fss.or.kr/dsaf001/main.do?rcpNo=20220217800088
do_async 115718342 최종혁 [두산중공업] 유상증자또는주식관련사채등의청약결과(자율공시)
http://dart.fss.or.kr/dsaf001/main.do?rcpNo=20220217800088
do_async 295194101 정원호 [두산중공업] 유상증자또는주식관련사채등의청약결과(자율공시)
http://dart.fss.or.kr/dsaf001/main.do?rcpNo=20220217800088
do_async 276618675 한상김 [두산중공업] 유상증자또는주식관련사채등의청약결과(자율공시)
http://dart.fss.or.kr/dsaf001/main.do?rcpNo=20220217800088
do_async 56771102 hyuk mankwon [두산중공업] 유상증자또는주식관련사채등의청약결과(자율공시)
http://dart.fss.or.kr/dsaf001/main.do?rcpNo=20220217800088
do_async 195649993 오세경 [두산중공업] 유상증자또는주식관련사채등의청약결과(자율공시)
http://dart.fss.or.kr/dsaf001/main.do?rcpNo=20220217800088
do_async 149688663 김창현 [두산중공업] 유상증자또는주식관련사채등의청약결과(자율공시)
http://dart.fss.or.kr/dsaf001/main.do?rcpNo=20220217800088
do_async 403494463 정구윤 [두산중공업] 유상증자또는주식관련사채등의청약결과(자율공시)
http://dart.fss.or.kr/dsaf001/main.do?rcpNo=20220217800088
do_async 49591143 류찬열 [두산중공업] 유상증자또는주식관련사채등의청약결과(자율공시)
http://dart.fss.or.kr/dsaf001/main.do?rcpNo=20220217800088
do_async 497913394 KBK [두산중공업] 유상증자또는주식관련사채등의청약결과(자율공시)
http://dart.fss.or.kr/dsaf001/main.do?rcpNo=20220217800088
do_async 85707492 YooJinhyung [두산중공업] 유상증자또는주식관련사채등의청약결과(자율공시)
http://dart.fss.or.kr/dsaf001/main.do?rcpNo=20220217800088
do_async 1155571913 김재준 [두산중공업] 유상증자또는주식관련사채등의청약결과(자율공시)
http://dart.fss.or.kr/dsaf001/main.do?rcpNo=20220217800088